<?xml version="1.0" encoding="UTF-8"?>
<!-- Generated by org.testng.reporters.JUnitXMLReporter -->
<testsuite ignored="0" hostname="LAPTOP-AS1U2ANL" failures="2" tests="3" name="Test" time="20.079" errors="0" timestamp="2023-02-26T21:46:26 IST">
  <testcase classname="test.HomePageTest" name="WomenClothing" time="4.359"/>
  <testcase classname="test.HomePageTest" name="validateSearchResults" time="0.113">
    <failure type="java.lang.AssertionError" message="expected [true] but found [false]">
      <![CDATA[java.lang.AssertionError: expected [true] but found [false]
at test.HomePageTest.validateSearchResults(HomePageTest.java:24)
at java.base/java.util.ArrayList.forEach(ArrayList.java:1511)
... Removed 31 stack frames]]>
    </failure>
  </testcase> <!-- validateSearchResults -->
  <testcase classname="test.HomePageTest" name="validateSearchResults" time="0.387">
    <failure type="java.lang.NullPointerException" message="Cannot invoke &amp;quot;com.aventstack.extentreports.ExtentTest.addScreenCaptureFromPath(String, String)&amp;quot; because &amp;quot;this.test&amp;quot; is null">
      <![CDATA[java.lang.NullPointerException: Cannot invoke "com.aventstack.extentreports.ExtentTest.addScreenCaptureFromPath(String, String)" because "this.test" is null
at resources.Listener.onTestFailure(Listener.java:39)
at java.base/java.util.ArrayList.forEach(ArrayList.java:1511)
... Removed 24 stack frames]]>
    </failure>
  </testcase> <!-- validateSearchResults -->
</testsuite> <!-- Test -->
